<?xml version="1.0" encoding="UTF-8"?>
<!-- Generated by org.testng.reporters.JUnitReportReporter -->
<testsuite name="com.google.tests.GoogleSearchTC3" tests="1" time="0.000" ignored="0" failures="0" timestamp="01 Apr 2020 08:07:55 GMT" skipped="1" hostname="IN-5CG7192B5M" errors="0">
  <testcase name="TC01" time="0.000" classname="com.google.tests.GoogleSearchTC3">
    <skipped/>
  </testcase> <!-- TC01 -->
</testsuite> <!-- com.google.tests.GoogleSearchTC3 -->
