<?xml version="1.0" encoding="UTF-8"?>
<!-- Generated by org.testng.reporters.JUnitReportReporter -->
<testsuite name="com.google.pages.GoogleSearchTC1" tests="1" time="52.330" ignored="0" failures="0" timestamp="01 Apr 2020 08:16:11 GMT" skipped="0" hostname="IN-5CG7192B5M" errors="0">
  <testcase name="TC01" time="52.330" classname="com.google.pages.GoogleSearchTC1"/>
</testsuite> <!-- com.google.pages.GoogleSearchTC1 -->
